<?xml version="1.0" encoding="UTF-8"?>
<testsuite name="com.fullcycle.admin.catalogo.domain.category.CategoryTest" tests="1" skipped="0" failures="0" errors="0" timestamp="2023-09-11T11:34:20" hostname="raphael-Lenovo-G400s" time="0.051">
  <properties/>
  <testcase name="givenAValidParams_whenCallNewCategory_thenInstanciateACategory()" classname="com.fullcycle.admin.catalogo.domain.category.CategoryTest" time="0.051"/>
  <system-out><![CDATA[]]></system-out>
  <system-err><![CDATA[]]></system-err>
</testsuite>
